0 Eval: 1.0
['+', '+', '*', 'x', 'x', '*', 'x', 'x', '+', '*', '5', 'x', '+', '3', '0']
1 Eval: 1.0
['+', '+', '*', 'x', 'x', '+', 'x', '3', '*', '+', '4', 'x', '+', '0', 'x']
2 Eval: 1.0
['+', '*', '+', 'x', 'x', '+', 'x', '2', '+', '+', '3', '0', '*', 'x', '1']
3 Eval: 1.0
['+', '*', '+', '2', 'x', '+', 'x', 'x', '+', '+', '0', '3', '+', '0', 'x']
4 Eval: 1.0
['+', '*', '+', '5', 'x', '+', 'x', '0', '+', '+', '3', '0', '*', 'x', 'x']
5 Eval: 1.0
['*', '+', '*', '1', '3', '+', 'x', 'x', '+', '+', '0', '1', '+', '0', 'x']
6 Eval: 1.0
['+', '+', '*', 'x', '3', '+', '0', '3', '*', '+', 'x', 'x', '+', 'x', '1']
7 Eval: 1.0
['+', '*', '*', 'x', '2', '+', 'x', '0', '+', '*', '5', 'x', '+', '2', '1']
8 Eval: 1.0
['+', '+', '+', 'x', '0', '+', '1', '2', '*', '+', 'x', 'x', '+', '2', 'x']
9 Eval: 1.0
['+', '*', '+', 'x', '2', '+', 'x', 'x', '+', '+', '3', 'x', '*', '0', '3']
10 Eval: 1.0
['+', '+', '+', '3', 'x', '*', 'x', 'x', '*', '+', 'x', '4', '+', 'x', '0']
11 Eval: 1.0
['+', '+', '*', 'x', 'x', '*', '5', 'x', '+', '+', '3', '0', '*', 'x', 'x']
12 Eval: 1.0
['+', '*', '+', '2', 'x', '+', 'x', 'x', '+', '+', 'x', '3', '*', '0', '5']
13 Eval: 1.0
['+', '+', '*', 'x', 'x', '+', '1', '2', '*', '+', 'x', '5', '+', '0', 'x']
14 Eval: 1.0
['*', '+', '+', '0', '1', '+', '0', 'x', '+', '+', 'x', '0', '+', '3', 'x']
15 Eval: 1.0
['+', '*', '+', 'x', '3', '+', '1', 'x', '+', '*', 'x', '1', '*', 'x', 'x']
16 Eval: 1.0
['+', '+', '+', '3', '0', '*', '1', 'x', '*', '*', '2', 'x', '+', 'x', '2']
17 Eval: 1.0
['+', '+', '*', 'x', 'x', '*', 'x', '5', '+', '*', 'x', 'x', '+', '1', '2']
18 Eval: 1.0
['*', '+', '+', '2', 'x', '+', 'x', '1', '+', '+', '1', 'x', '+', '0', '0']
19 Eval: 1.0
['+', '*', '+', '1', 'x', '+', '3', '0', '*', '*', '2', 'x', '+', 'x', '1']
20 Eval: 1.0
['+', '*', '+', 'x', 'x', '+', 'x', '2', '+', '+', '2', 'x', '+', '0', '1']
21 Eval: 1.0
['*', '+', '+', 'x', '0', '+', 'x', '3', '+', '+', '0', '1', '+', 'x', '0']
22 Eval: 1.0
['+', '*', '+', 'x', 'x', '+', 'x', '2', '+', '+', '3', 'x', '+', '0', '0']
23 Eval: 1.0
['+', '+', '+', '2', '1', '+', 'x', '0', '*', '+', 'x', '2', '+', 'x', 'x']
24 Eval: 1.0
['+', '*', '+', '3', 'x', '+', '1', 'x', '*', '+', 'x', '0', '+', 'x', '1']
25 Eval: 1.0
['*', '+', '+', '3', '0', '+', 'x', 'x', '+', '+', '1', 'x', '+', '0', '0']
26 Eval: 1.0
['*', '+', '+', 'x', '2', '+', 'x', '1', '+', '+', 'x', '0', '+', '1', '0']
27 Eval: 1.0
['+', '+', '*', 'x', 'x', '+', '3', 'x', '+', '*', 'x', 'x', '*', '4', 'x']
28 Eval: 1.0
['+', '*', '+', '0', 'x', '+', 'x', '1', '*', '+', 'x', '3', '+', '1', 'x']
29 Eval: 1.0
['+', '*', '+', '2', 'x', '+', 'x', 'x', '+', '+', 'x', '3', '+', '0', '0']
30 Eval: 1.0
['*', '+', '+', '0', '1', '+', 'x', '0', '+', '+', 'x', '0', '+', '3', 'x']
31 Eval: 1.0
['+', '+', '*', '5', 'x', '*', 'x', 'x', '+', '*', 'x', 'x', '+', '1', '2']
32 Eval: 1.0
['+', '*', '*', 'x', '2', '+', 'x', '2', '+', '+', '2', '0', '+', '1', 'x']
33 Eval: 1.0
['+', '*', '+', '2', 'x', '+', 'x', 'x', '+', '+', '3', '0', '+', 'x', '0']
34 Eval: 1.0
['*', '+', '+', 'x', '3', '+', 'x', '0', '+', '+', '0', '0', '+', 'x', '1']
35 Eval: 1.0
['*', '+', '+', '1', '0', '+', '0', 'x', '+', '+', 'x', 'x', '+', '3', '0']
36 Eval: 1.0
['*', '+', '+', '1', '0', '+', 'x', '0', '+', '+', 'x', '3', '+', 'x', '0']
37 Eval: 1.0
['+', '*', '+', 'x', '2', '+', 'x', 'x', '+', '+', '2', 'x', '+', '0', '1']
38 Eval: 1.0
['+', '*', '+', '1', 'x', '+', 'x', '3', '+', '+', 'x', '0', '*', 'x', 'x']
39 Eval: 1.0
['+', '*', '+', '2', 'x', '+', 'x', 'x', '+', '+', '2', '0', '+', '1', 'x']
40 Eval: 1.0
['*', '+', '+', '0', 'x', '+', '1', '0', '+', '+', 'x', '2', '+', '1', 'x']
41 Eval: 1.0
['+', '*', '+', 'x', '1', '+', 'x', '3', '+', '+', 'x', '0', '*', 'x', 'x']
42 Eval: 1.0
['*', '+', '*', '0', '3', '+', 'x', '1', '+', '+', '3', 'x', '+', '0', 'x']
43 Eval: 1.0
['*', '+', '+', 'x', '3', '+', 'x', '0', '+', '+', 'x', '0', '+', '1', '0']
44 Eval: 1.0
['+', '+', '*', 'x', '4', '*', 'x', 'x', '+', '+', '3', 'x', '*', 'x', 'x']
45 Eval: 1.0
['+', '*', '*', '2', 'x', '+', '2', 'x', '+', '+', '0', '1', '+', '2', 'x']
46 Eval: 1.0
['*', '+', '+', 'x', 'x', '*', '3', '1', '+', '+', '1', 'x', '*', '0', 'x']
47 Eval: 1.0
['+', '+', '*', 'x', '5', '+', '3', '0', '*', '+', '0', '2', '*', 'x', 'x']
48 Eval: 1.0
['*', '+', '+', '3', 'x', '+', 'x', '0', '+', '*', '0', '4', '+', 'x', '1']
49 Eval: 1.0
['+', '+', '+', '3', 'x', '*', 'x', 'x', '*', '+', 'x', '0', '+', 'x', '4']
50 Eval: 1.0
['+', '*', '+', '1', 'x', '+', 'x', 'x', '*', '+', '3', '0', '+', '1', 'x']
51 Eval: 1.0
['+', '*', '+', 'x', 'x', '+', '2', 'x', '+', '+', '0', '3', '+', 'x', '0']
52 Eval: 1.0
['+', '+', '*', 'x', 'x', '*', 'x', 'x', '+', '*', 'x', '4', '+', '3', 'x']
53 Eval: 1.0
['*', '+', '+', '3', 'x', '+', 'x', '0', '+', '+', '0', 'x', '+', '1', '0']
54 Eval: 1.0
['+', '+', '*', 'x', 'x', '+', '0', 'x', '*', '+', 'x', '3', '+', '1', 'x']
55 Eval: 1.0
['+', '*', '+', 'x', '2', '+', 'x', 'x', '+', '+', 'x', '0', '+', '1', '2']
56 Eval: 1.0
['+', '+', '*', 'x', 'x', '*', 'x', 'x', '+', '*', '5', 'x', '+', '3', '0']
57 Eval: 1.0
['+', '+', '+', '1', '0', '+', '2', 'x', '*', '+', 'x', 'x', '+', '2', 'x']
58 Eval: 1.0
['+', '*', '*', '2', 'x', '+', 'x', '2', '+', '+', 'x', '3', '*', '0', '0']
59 Eval: 1.0
['+', '*', '+', '3', '0', '+', 'x', '1', '*', '*', 'x', '2', '+', '1', 'x']
60 Eval: 1.0
['*', '+', '+', '1', '0', '+', 'x', '0', '+', '+', 'x', '0', '+', 'x', '3']
61 Eval: 1.0
['+', '+', '*', '5', 'x', '+', '1', '2', '+', '*', 'x', 'x', '*', 'x', 'x']
62 Eval: 1.0
['+', '+', '*', 'x', 'x', '+', '3', 'x', '+', '*', 'x', '4', '*', 'x', 'x']
63 Eval: 1.0
['+', '*', '+', 'x', 'x', '+', '2', 'x', '+', '*', '0', '0', '+', '3', 'x']
64 Eval: 1.0
['+', '*', '+', '0', 'x', '+', 'x', '5', '+', '+', '2', '1', '*', 'x', 'x']
65 Eval: 1.0
['*', '+', '+', '0', 'x', '+', 'x', '3', '+', '+', 'x', '0', '+', '1', '0']
66 Eval: 1.0
['*', '+', '*', '0', '0', '+', 'x', '1', '+', '+', '3', '0', '+', 'x', 'x']
67 Eval: 1.0
['*', '+', '+', '0', '3', '+', 'x', 'x', '+', '+', 'x', '1', '*', '5', '0']
68 Eval: 1.0
['*', '+', '+', 'x', 'x', '+', '0', '3', '+', '*', '2', '0', '+', '1', 'x']
69 Eval: 1.0
['+', '+', '*', 'x', 'x', '+', '3', '0', '+', '*', 'x', '5', '*', 'x', 'x']
70 Eval: 1.0
['+', '*', '+', '1', 'x', '+', 'x', '3', '+', '*', 'x', 'x', '+', '0', 'x']
71 Eval: 1.0
['+', '*', '+', '2', 'x', '+', 'x', 'x', '+', '+', '3', 'x', '*', '4', '0']
72 Eval: 1.0
['*', '+', '+', '0', 'x', '+', 'x', '3', '+', '+', '1', 'x', '+', '0', '0']
73 Eval: 1.0
['+', '+', '*', 'x', '5', '*', '3', '1', '+', '*', 'x', 'x', '*', 'x', 'x']
74 Eval: 1.0
['*', '+', '+', 'x', '3', '+', '0', 'x', '+', '+', '0', 'x', '+', '1', '0']
75 Eval: 1.0
['+', '*', '+', 'x', 'x', '+', '2', 'x', '+', '*', '0', '3', '+', 'x', '3']
76 Eval: 1.0
['+', '*', '+', 'x', '2', '+', 'x', 'x', '+', '+', '0', '3', '+', 'x', '0']
77 Eval: 1.0
['+', '+', '*', '0', '3', '+', '3', 'x', '*', '+', 'x', 'x', '+', 'x', '2']
78 Eval: 1.0
['+', '+', '+', 'x', '0', '+', '3', '0', '*', '+', '2', 'x', '+', 'x', 'x']
79 Eval: 1.0
['+', '+', '+', 'x', '2', '+', '1', '0', '*', '+', 'x', 'x', '+', 'x', '2']
80 Eval: 1.0
['+', '*', '+', 'x', 'x', '+', 'x', '2', '+', '+', 'x', '3', '*', '5', '0']
81 Eval: 1.0
['+', '*', '+', '0', 'x', '+', 'x', 'x', '+', '+', '2', '1', '*', '5', 'x']
82 Eval: 1.0
['+', '*', '+', '5', 'x', '+', '0', 'x', '+', '*', 'x', 'x', '+', '3', '0']
83 Eval: 1.0
['+', '*', '+', '0', 'x', '+', 'x', '5', '+', '*', '1', '3', '*', 'x', 'x']
84 Eval: 1.0
['+', '*', '+', '2', 'x', '+', 'x', 'x', '+', '*', 'x', '0', '+', '3', 'x']
85 Eval: 1.0
['+', '*', '+', '2', 'x', '+', 'x', 'x', '+', '+', '0', '3', '+', 'x', '0']
86 Eval: 1.0
['+', '*', '+', '0', '1', '+', '3', 'x', '*', '+', 'x', 'x', '+', 'x', '2']
87 Eval: 1.0
['+', '+', '+', '3', 'x', '+', '0', '0', '*', '+', '2', 'x', '*', 'x', '2']
88 Eval: 1.0
['*', '+', '+', '0', '3', '*', 'x', '2', '+', '+', 'x', '1', '+', '0', '0']
89 Eval: 1.0
['+', '+', '*', 'x', '5', '+', '3', '0', '*', '*', '2', 'x', '+', '0', 'x']
90 Eval: 1.0
['*', '+', '+', 'x', 'x', '+', '0', '3', '+', '+', '1', 'x', '*', '3', '0']
91 Eval: 1.0
['+', '*', '+', 'x', '2', '+', 'x', 'x', '+', '+', 'x', '0', '+', '3', '0']
92 Eval: 1.0
['+', '*', '+', 'x', '3', '+', '1', '0', '*', '+', 'x', '2', '*', 'x', '2']
93 Eval: 1.0
['*', '+', '+', 'x', '0', '+', '0', '1', '+', '+', '2', '1', '*', '2', 'x']
94 Eval: 1.0
['+', '*', '+', '2', 'x', '+', 'x', 'x', '+', '+', '1', 'x', '+', '0', '2']
95 Eval: 1.0
['+', '*', '+', '2', '0', '*', 'x', 'x', '+', '*', 'x', '5', '+', '1', '2']
96 Eval: 1.0
['+', '+', '*', 'x', 'x', '+', 'x', '3', '*', '+', 'x', '4', '+', 'x', '0']
97 Eval: 1.0
['+', '*', '+', 'x', 'x', '+', 'x', '2', '+', '+', '0', '0', '+', 'x', '3']
98 Eval: 1.0
['+', '*', '+', 'x', 'x', '+', 'x', '2', '+', '+', '2', 'x', '+', '0', '1']
99 Eval: 1.0
['*', '+', '+', 'x', '3', '+', '0', 'x', '+', '*', '0', '1', '+', '1', 'x']